<?xml version="1.0" encoding="UTF-8"?>
<!-- Generated by org.testng.reporters.JUnitXMLReporter -->
<testsuite ignored="0" hostname="LAPTOP-N9QM1A3E" failures="0" tests="6" name="Default test" time="13.622" errors="0" timestamp="2022-10-18T08:30:16 EDT">
  <testcase classname="Testcases.HomepageTest" name="TestDropDown" time="5.219"/>
  <testcase classname="Testcases.HomepageTest" name="GSGetstarted" time="0.491"/>
  <testcase classname="Testcases.HomepageTest" name="ArrGetstarted" time="0.313"/>
  <testcase classname="Testcases.HomepageTest" name="GraphGetstarted" time="0.457"/>
  <testcase classname="Testcases.HomepageTest" name="TestClickRegister" time="3.429"/>
  <testcase classname="Testcases.HomepageTest" name="TestClickSignin" time="1.174"/>
</testsuite> <!-- Default test -->
