<?xml version="1.0" encoding="UTF-8"?>
<!-- Generated by org.testng.reporters.JUnitXMLReporter -->
<testsuite ignored="0" hostname="LAPTOP-N9QM1A3E" failures="0" tests="20" name="Test" time="89.144" errors="0" timestamp="2022-10-21T14:18:56 EDT">
  <testcase classname="Testcases.LandingPageTest" name="landingtest" time="0.315"/>
  <testcase classname="Testcases.RegistrationPageTest$RegistrationTest" name="registrationTestdd" time="2.195"/>
  <testcase classname="Testcases.loginpagetest" name="loginTestdd" time="6.225"/>
  <testcase classname="Testcases.loginpagetest" name="Loginsucess" time="0.933"/>
  <testcase classname="Testcases.HomepageTest" name="TestDropDown" time="3.266"/>
  <testcase classname="Testcases.HomepageTest" name="GSGetstarted" time="0.252"/>
  <testcase classname="Testcases.HomepageTest" name="ArrGetstarted" time="0.276"/>
  <testcase classname="Testcases.HomepageTest" name="GraphGetstarted" time="0.263"/>
  <testcase classname="Testcases.HomepageTest" name="TestClickRegister" time="3.322"/>
  <testcase classname="Testcases.HomepageTest" name="TestClickSignin" time="1.174"/>
  <testcase classname="Testcases.DatastructureTest" name="arrayTest" time="9.23"/>
  <testcase classname="Testcases.DatastructureTest" name="DatastruPracQ" time="7.376"/>
  <testcase classname="Testcases.ArrayTest" name="arrayTest" time="9.175"/>
  <testcase classname="Testcases.ArrayTest" name="arrayList" time="2.541"/>
  <testcase classname="Testcases.ArrayTest" name="arraybasiuc" time="7.643"/>
  <testcase classname="Testcases.ArrayTest" name="arrayapp" time="6.591"/>
  <testcase classname="Testcases.ArrayTest" name="arrayPracQ" time="2.427"/>
  <testcase classname="Testcases.GraphpageTest" name="arrayTest" time="5.963"/>
  <testcase classname="Testcases.GraphpageTest" name="Graphres" time="2.561"/>
  <testcase classname="Testcases.GraphpageTest" name="GraphpreQ" time="4.353"/>
</testsuite> <!-- Test -->
